[debug] [2023-05-29T17:04:30.059Z] ----------------------------------------------------------------------
[debug] [2023-05-29T17:04:30.061Z] Command:       /usr/local/bin/node /Users/rishabh.singh12/.npm-global/bin/firebase init hosting
[debug] [2023-05-29T17:04:30.062Z] CLI Version:   12.2.1
[debug] [2023-05-29T17:04:30.062Z] Platform:      darwin
[debug] [2023-05-29T17:04:30.062Z] Node Version:  v18.16.0
[debug] [2023-05-29T17:04:30.064Z] Time:          Mon May 29 2023 22:34:30 GMT+0530 (India Standard Time)
[debug] [2023-05-29T17:04:30.064Z] ----------------------------------------------------------------------
[debug] 
[debug] [2023-05-29T17:04:30.071Z] > command requires scopes: ["email","openid","https://www.googleapis.com/auth/cloudplatformprojects.readonly","https://www.googleapis.com/auth/firebase","https://www.googleapis.com/auth/cloud-platform"]
[debug] [2023-05-29T17:04:30.072Z] > authorizing via signed-in user (rrishabhssingh@gmail.com)
[info] 
     ######## #### ########  ######## ########     ###     ######  ########
     ##        ##  ##     ## ##       ##     ##  ##   ##  ##       ##
     ######    ##  ########  ######   ########  #########  ######  ######
     ##        ##  ##    ##  ##       ##     ## ##     ##       ## ##
     ##       #### ##     ## ######## ########  ##     ##  ######  ########

You're about to initialize a Firebase project in this directory:

  /Users/rishabh.singh12/Documents/Angular Projects/tic-tac-toe

[info] 
=== Project Setup
[info] 
[info] First, let's associate this project directory with a Firebase project.
[info] You can create multiple project aliases by running firebase use --add, 
[info] but for now we'll just set up a default project.
[info] 
[debug] [2023-05-29T17:04:32.184Z] >>> [apiv2][query] GET https://firebase.googleapis.com/v1beta1/projects pageSize=100
[debug] [2023-05-29T17:04:36.246Z] <<< [apiv2][status] GET https://firebase.googleapis.com/v1beta1/projects 200
[debug] [2023-05-29T17:04:36.246Z] <<< [apiv2][body] GET https://firebase.googleapis.com/v1beta1/projects [omitted]
[info] i  Using project tictactoe-c3992 (TicTacToe) 
[info] 
=== Hosting Setup
[info] 
[info] Your public directory is the folder (relative to your project directory) that
[info] will contain Hosting assets to be uploaded with firebase deploy. If you
[info] have a build process for your assets, use your build's output directory.
[info] 
[debug] [2023-05-29T17:05:03.190Z] >>> [apiv2][query] GET https://www.gstatic.com/firebasejs/releases.json [none]
[debug] [2023-05-29T17:05:03.443Z] <<< [apiv2][status] GET https://www.gstatic.com/firebasejs/releases.json 200
[debug] [2023-05-29T17:05:03.443Z] <<< [apiv2][body] GET https://www.gstatic.com/firebasejs/releases.json {"current":{"version":"9.22.1","browserURL":"https://www.gstatic.com/firebasejs/9.22.1/firebase.js","packageURL":"https://www.gstatic.com/firebasejs/9.22.1/firebase.tgz"},"live":{"version":"9.22","browserURL":"https://www.gstatic.com/firebasejs/live/9.22/firebase.js","packageURL":"https://www.gstatic.com/firebasejs/live/9.22/firebase.tgz"},"components":{"analytics":"https://www.gstatic.com/firebasejs/9.22.1/firebase-analytics.js","app":"https://www.gstatic.com/firebasejs/9.22.1/firebase-app.js","app-check":"https://www.gstatic.com/firebasejs/9.22.1/firebase-app-check.js","auth":"https://www.gstatic.com/firebasejs/9.22.1/firebase-auth.js","auth/cordova":"https://www.gstatic.com/firebasejs/9.22.1/firebase-auth/cordova.js","auth/react-native":"https://www.gstatic.com/firebasejs/9.22.1/firebase-auth/react-native.js","functions":"https://www.gstatic.com/firebasejs/9.22.1/firebase-functions.js","firestore":"https://www.gstatic.com/firebasejs/9.22.1/firebase-firestore.js","firestore/lite":"https://www.gstatic.com/firebasejs/9.22.1/firebase-firestore/lite.js","installations":"https://www.gstatic.com/firebasejs/9.22.1/firebase-installations.js","storage":"https://www.gstatic.com/firebasejs/9.22.1/firebase-storage.js","performance":"https://www.gstatic.com/firebasejs/9.22.1/firebase-performance.js","remote-config":"https://www.gstatic.com/firebasejs/9.22.1/firebase-remote-config.js","messaging":"https://www.gstatic.com/firebasejs/9.22.1/firebase-messaging.js","messaging/sw":"https://www.gstatic.com/firebasejs/9.22.1/firebase-messaging/sw.js","database":"https://www.gstatic.com/firebasejs/9.22.1/firebase-database.js","firestore.memory":"https://www.gstatic.com/firebasejs/9.22.1/firebase-firestore.memory.js"}}
[info] ✔  Wrote public/index.html 
[info] 
[info] i  Detected a .git folder at /Users/rishabh.singh12/Documents/Angular Projects/tic-tac-toe 
[info] i  Authorizing with GitHub to upload your service account to a GitHub repository's secrets store. 
[info] 
[info] Visit this URL on this device to log in:
[info] https://github.com/login/oauth/authorize?client_id=89cf50f02ac6aaed3484&state=472112884&redirect_uri=http%3A%2F%2Flocalhost%3A9005&scope=read%3Auser%20repo%20public_repo
[info] 
[info] Waiting for authentication...
[debug] [2023-05-29T17:05:09.971Z] >>> [apiv2][query] POST https://github.com/login/oauth/access_token [none]
[debug] [2023-05-29T17:05:09.971Z] >>> [apiv2][body] POST https://github.com/login/oauth/access_token [stream]
[debug] [2023-05-29T17:05:10.456Z] <<< [apiv2][status] POST https://github.com/login/oauth/access_token 200
[debug] [2023-05-29T17:05:10.457Z] <<< [apiv2][body] POST https://github.com/login/oauth/access_token {"access_token":"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","token_type":"bearer","scope":"read:user,repo"}
[debug] [2023-05-29T17:05:10.463Z] >>> [apiv2][query] GET https://api.github.com/user [none]
[debug] [2023-05-29T17:05:10.949Z] <<< [apiv2][status] GET https://api.github.com/user 200
[debug] [2023-05-29T17:05:10.949Z] <<< [apiv2][body] GET https://api.github.com/user {"login":"bitsofrishabh","id":24289526,"node_id":"MDQ6VXNlcjI0Mjg5NTI2","avatar_url":"https://avatars.githubusercontent.com/u/24289526?v=4","gravatar_id":"","url":"https://api.github.com/users/bitsofrishabh","html_url":"https://github.com/bitsofrishabh","followers_url":"https://api.github.com/users/bitsofrishabh/followers","following_url":"https://api.github.com/users/bitsofrishabh/following{/other_user}","gists_url":"https://api.github.com/users/bitsofrishabh/gists{/gist_id}","starred_url":"https://api.github.com/users/bitsofrishabh/starred{/owner}{/repo}","subscriptions_url":"https://api.github.com/users/bitsofrishabh/subscriptions","organizations_url":"https://api.github.com/users/bitsofrishabh/orgs","repos_url":"https://api.github.com/users/bitsofrishabh/repos","events_url":"https://api.github.com/users/bitsofrishabh/events{/privacy}","received_events_url":"https://api.github.com/users/bitsofrishabh/received_events","type":"User","site_admin":false,"name":"Rishabh Singh","company":"Infosys","blog":"","location":"Bangalore","email":"rrishabhssingh@gmail.com","hireable":true,"bio":null,"twitter_username":null,"public_repos":4,"public_gists":5,"followers":0,"following":3,"created_at":"2016-12-01T07:49:33Z","updated_at":"2023-03-26T10:54:28Z","private_gists":0,"total_private_repos":1,"owned_private_repos":1,"disk_usage":96897,"collaborators":0,"two_factor_authentication":false,"plan":{"name":"free","space":976562499,"collaborators":0,"private_repos":10000}}
[info] 
[info] ✔  Success! Logged into GitHub as bitsofrishabh 
[info] 
